# JRE version: OpenJDK Runtime Environment Microsoft-8035246 (17.0.8+7) (build 17.0.8+7-LTS)
# Java VM: OpenJDK 64-Bit Server VM Microsoft-8035246 (17.0.8+7-LTS, mixed mode, sharing, tiered, compressed oops, compressed class ptrs, g1 gc, windows-amd64)
GC Precious Log:
 CPUs: 12 total, 12 available
 Memory: 15724M
 Large Page Support: Disabled
 NUMA Support: Disabled
 Compressed Oops: Enabled (32-bit)
 Heap Region Size: 1M
 Heap Min Capacity: 8M
 Heap Initial Capacity: 246M
 Heap Max Capacity: 2G
 Pre-touch: Disabled
 Parallel Workers: 10
 Concurrent Workers: 3
 Concurrent Refinement Workers: 10
 Periodic GC: Disabled
Heap:
 garbage-first heap   total 385024K, used 272687K [0x0000000080000000, 0x0000000100000000)
  region size 1024K, 51 young (52224K), 7 survivors (7168K)
 Metaspace       used 104749K, committed 106240K, reserved 557056K
  class space    used 14587K, committed 15296K, reserved 425984K
GC Heap History (20 events):
Event: 21.186 GC heap before
{Heap before GC invocations=48 (full 0):
 garbage-first heap   total 320512K, used 267499K [0x0000000080000000, 0x0000000100000000)
  region size 1024K, 82 young (83968K), 7 survivors (7168K)
 Metaspace       used 100783K, committed 102016K, reserved 557056K
  class space    used 14164K, committed 14720K, reserved 425984K
}
Event: 21.190 GC heap after
{Heap after GC invocations=49 (full 0):
 garbage-first heap   total 320512K, used 196038K [0x0000000080000000, 0x0000000100000000)
  region size 1024K, 5 young (5120K), 5 survivors (5120K)
 Metaspace       used 100783K, committed 102016K, reserved 557056K
  class space    used 14164K, committed 14720K, reserved 425984K
}
Event: 21.566 GC heap before
{Heap before GC invocations=49 (full 0):
 garbage-first heap   total 320512K, used 275910K [0x0000000080000000, 0x0000000100000000)
  region size 1024K, 76 young (77824K), 5 survivors (5120K)
 Metaspace       used 101019K, committed 102272K, reserved 557056K
  class space    used 14190K, committed 14784K, reserved 425984K
}
Event: 21.573 GC heap after
{Heap after GC invocations=50 (full 0):
 garbage-first heap   total 320512K, used 199282K [0x0000000080000000, 0x0000000100000000)
  region size 1024K, 10 young (10240K), 10 survivors (10240K)
 Metaspace       used 101019K, committed 102272K, reserved 557056K
  class space    used 14190K, committed 14784K, reserved 425984K
}
Event: 21.815 GC heap before
{Heap before GC invocations=50 (full 0):
 garbage-first heap   total 320512K, used 280178K [0x0000000080000000, 0x0000000100000000)
  region size 1024K, 78 young (79872K), 10 survivors (10240K)
 Metaspace       used 101148K, committed 102400K, reserved 557056K
  class space    used 14210K, committed 14784K, reserved 425984K
}
Event: 21.822 GC heap after
{Heap after GC invocations=51 (full 0):
 garbage-first heap   total 320512K, used 205229K [0x0000000080000000, 0x0000000100000000)
  region size 1024K, 6 young (6144K), 6 survivors (6144K)
 Metaspace       used 101148K, committed 102400K, reserved 557056K
  class space    used 14210K, committed 14784K, reserved 425984K
}
Event: 22.169 GC heap before
{Heap before GC invocations=51 (full 0):
 garbage-first heap   total 320512K, used 269741K [0x0000000080000000, 0x0000000100000000)
  region size 1024K, 70 young (71680K), 6 survivors (6144K)
 Metaspace       used 101428K, committed 102720K, reserved 557056K
  class space    used 14238K, committed 14848K, reserved 425984K
}
Event: 22.174 GC heap after
{Heap after GC invocations=52 (full 0):
 garbage-first heap   total 320512K, used 209891K [0x0000000080000000, 0x0000000100000000)
  region size 1024K, 5 young (5120K), 5 survivors (5120K)
 Metaspace       used 101428K, committed 102720K, reserved 557056K
  class space    used 14238K, committed 14848K, reserved 425984K
}
Event: 22.370 GC heap before
{Heap before GC invocations=52 (full 0):
 garbage-first heap   total 320512K, used 279523K [0x0000000080000000, 0x0000000100000000)
  region size 1024K, 66 young (67584K), 5 survivors (5120K)
 Metaspace       used 101509K, committed 102784K, reserved 557056K
  class space    used 14255K, committed 14848K, reserved 425984K
}
Event: 22.374 GC heap after
{Heap after GC invocations=53 (full 0):
 garbage-first heap   total 320512K, used 218162K [0x0000000080000000, 0x0000000100000000)
  region size 1024K, 9 young (9216K), 9 survivors (9216K)
 Metaspace       used 101509K, committed 102784K, reserved 557056K
  class space    used 14255K, committed 14848K, reserved 425984K
}
Event: 22.497 GC heap before
{Heap before GC invocations=53 (full 0):
 garbage-first heap   total 320512K, used 272434K [0x0000000080000000, 0x0000000100000000)
  region size 1024K, 63 young (64512K), 9 survivors (9216K)
 Metaspace       used 101617K, committed 102912K, reserved 557056K
  class space    used 14263K, committed 14848K, reserved 425984K
}
Event: 22.501 GC heap after
{Heap after GC invocations=54 (full 0):
 garbage-first heap   total 320512K, used 217348K [0x0000000080000000, 0x0000000100000000)
  region size 1024K, 4 young (4096K), 4 survivors (4096K)
 Metaspace       used 101617K, committed 102912K, reserved 557056K
  class space    used 14263K, committed 14848K, reserved 425984K
}
Event: 22.681 GC heap before
{Heap before GC invocations=54 (full 0):
 garbage-first heap   total 320512K, used 277764K [0x0000000080000000, 0x0000000100000000)
  region size 1024K, 60 young (61440K), 4 survivors (4096K)
 Metaspace       used 101630K, committed 102912K, reserved 557056K
  class space    used 14263K, committed 14848K, reserved 425984K
}
Event: 22.685 GC heap after
{Heap after GC invocations=55 (full 0):
 garbage-first heap   total 320512K, used 219998K [0x0000000080000000, 0x0000000100000000)
  region size 1024K, 7 young (7168K), 7 survivors (7168K)
 Metaspace       used 101630K, committed 102912K, reserved 557056K
  class space    used 14263K, committed 14848K, reserved 425984K
}
Event: 22.790 GC heap before
{Heap before GC invocations=55 (full 0):
 garbage-first heap   total 320512K, used 274270K [0x0000000080000000, 0x0000000100000000)
  region size 1024K, 61 young (62464K), 7 survivors (7168K)
 Metaspace       used 101642K, committed 102912K, reserved 557056K
  class space    used 14264K, committed 14848K, reserved 425984K
}
Event: 22.794 GC heap after
{Heap after GC invocations=56 (full 0):
 garbage-first heap   total 320512K, used 221701K [0x0000000080000000, 0x0000000100000000)
  region size 1024K, 5 young (5120K), 5 survivors (5120K)
 Metaspace       used 101642K, committed 102912K, reserved 557056K
  class space    used 14264K, committed 14848K, reserved 425984K
}
Event: 22.952 GC heap before
{Heap before GC invocations=56 (full 0):
 garbage-first heap   total 320512K, used 267781K [0x0000000080000000, 0x0000000100000000)
  region size 1024K, 44 young (45056K), 5 survivors (5120K)
 Metaspace       used 101968K, committed 103296K, reserved 557056K
  class space    used 14307K, committed 14912K, reserved 425984K
}
Event: 22.956 GC heap after
{Heap after GC invocations=57 (full 0):
 garbage-first heap   total 320512K, used 228652K [0x0000000080000000, 0x0000000100000000)
  region size 1024K, 5 young (5120K), 5 survivors (5120K)
 Metaspace       used 101968K, committed 103296K, reserved 557056K
  class space    used 14307K, committed 14912K, reserved 425984K
}
Event: 127.952 GC heap before
{Heap before GC invocations=57 (full 0):
 garbage-first heap   total 320512K, used 277804K [0x0000000080000000, 0x0000000100000000)
  region size 1024K, 53 young (54272K), 5 survivors (5120K)
 Metaspace       used 104543K, committed 105920K, reserved 557056K
  class space    used 14579K, committed 15232K, reserved 425984K
}
Event: 127.956 GC heap after
{Heap after GC invocations=58 (full 0):
 garbage-first heap   total 385024K, used 228655K [0x0000000080000000, 0x0000000100000000)
  region size 1024K, 7 young (7168K), 7 survivors (7168K)
 Metaspace       used 104543K, committed 105920K, reserved 557056K
  class space    used 14579K, committed 15232K, reserved 425984K
}

