# JRE version: OpenJDK Runtime Environment Microsoft-8035246 (17.0.8+7) (build 17.0.8+7-LTS)
# Java VM: OpenJDK 64-Bit Server VM Microsoft-8035246 (17.0.8+7-LTS, mixed mode, sharing, tiered, compressed oops, compressed class ptrs, g1 gc, windows-amd64)
GC Precious Log:
 CPUs: 12 total, 12 available
 Memory: 15724M
 Large Page Support: Disabled
 NUMA Support: Disabled
 Compressed Oops: Enabled (32-bit)
 Heap Region Size: 1M
 Heap Min Capacity: 8M
 Heap Initial Capacity: 246M
 Heap Max Capacity: 2G
 Pre-touch: Disabled
 Parallel Workers: 10
 Concurrent Workers: 3
 Concurrent Refinement Workers: 10
 Periodic GC: Disabled
Heap:
 garbage-first heap   total 459776K, used 294169K [0x0000000080000000, 0x0000000100000000)
  region size 1024K, 91 young (93184K), 20 survivors (20480K)
 Metaspace       used 104702K, committed 106048K, reserved 557056K
  class space    used 14582K, committed 15232K, reserved 425984K
GC Heap History (20 events):
Event: 24.544 GC heap before
{Heap before GC invocations=73 (full 0):
 garbage-first heap   total 243712K, used 209716K [0x0000000080000000, 0x0000000100000000)
  region size 1024K, 25 young (25600K), 2 survivors (2048K)
 Metaspace       used 100751K, committed 101888K, reserved 557056K
  class space    used 14145K, committed 14656K, reserved 425984K
}
Event: 24.546 GC heap after
{Heap after GC invocations=74 (full 0):
 garbage-first heap   total 243712K, used 188256K [0x0000000080000000, 0x0000000100000000)
  region size 1024K, 3 young (3072K), 3 survivors (3072K)
 Metaspace       used 100751K, committed 101888K, reserved 557056K
  class space    used 14145K, committed 14656K, reserved 425984K
}
Event: 24.748 GC heap before
{Heap before GC invocations=74 (full 0):
 garbage-first heap   total 243712K, used 210784K [0x0000000080000000, 0x0000000100000000)
  region size 1024K, 26 young (26624K), 3 survivors (3072K)
 Metaspace       used 100753K, committed 101888K, reserved 557056K
  class space    used 14145K, committed 14656K, reserved 425984K
}
Event: 24.750 GC heap after
{Heap after GC invocations=75 (full 0):
 garbage-first heap   total 243712K, used 189376K [0x0000000080000000, 0x0000000100000000)
  region size 1024K, 3 young (3072K), 3 survivors (3072K)
 Metaspace       used 100753K, committed 101888K, reserved 557056K
  class space    used 14145K, committed 14656K, reserved 425984K
}
Event: 24.942 GC heap before
{Heap before GC invocations=75 (full 0):
 garbage-first heap   total 243712K, used 217024K [0x0000000080000000, 0x0000000100000000)
  region size 1024K, 26 young (26624K), 3 survivors (3072K)
 Metaspace       used 100754K, committed 101888K, reserved 557056K
  class space    used 14145K, committed 14656K, reserved 425984K
}
Event: 24.945 GC heap after
{Heap after GC invocations=76 (full 0):
 garbage-first heap   total 243712K, used 192078K [0x0000000080000000, 0x0000000100000000)
  region size 1024K, 4 young (4096K), 4 survivors (4096K)
 Metaspace       used 100754K, committed 101888K, reserved 557056K
  class space    used 14145K, committed 14656K, reserved 425984K
}
Event: 25.156 GC heap before
{Heap before GC invocations=76 (full 0):
 garbage-first heap   total 243712K, used 215630K [0x0000000080000000, 0x0000000100000000)
  region size 1024K, 24 young (24576K), 4 survivors (4096K)
 Metaspace       used 100826K, committed 102016K, reserved 557056K
  class space    used 14155K, committed 14720K, reserved 425984K
}
Event: 25.159 GC heap after
{Heap after GC invocations=77 (full 0):
 garbage-first heap   total 243712K, used 198652K [0x0000000080000000, 0x0000000100000000)
  region size 1024K, 3 young (3072K), 3 survivors (3072K)
 Metaspace       used 100826K, committed 102016K, reserved 557056K
  class space    used 14155K, committed 14720K, reserved 425984K
}
Event: 25.198 GC heap before
{Heap before GC invocations=77 (full 0):
 garbage-first heap   total 243712K, used 211964K [0x0000000080000000, 0x0000000100000000)
  region size 1024K, 17 young (17408K), 3 survivors (3072K)
 Metaspace       used 100876K, committed 102080K, reserved 557056K
  class space    used 14155K, committed 14720K, reserved 425984K
}
Event: 25.200 GC heap after
{Heap after GC invocations=78 (full 0):
 garbage-first heap   total 243712K, used 196020K [0x0000000080000000, 0x0000000100000000)
  region size 1024K, 2 young (2048K), 2 survivors (2048K)
 Metaspace       used 100876K, committed 102080K, reserved 557056K
  class space    used 14155K, committed 14720K, reserved 425984K
}
Event: 25.381 GC heap before
{Heap before GC invocations=79 (full 0):
 garbage-first heap   total 350208K, used 211380K [0x0000000080000000, 0x0000000100000000)
  region size 1024K, 18 young (18432K), 2 survivors (2048K)
 Metaspace       used 100937K, committed 102144K, reserved 557056K
  class space    used 14164K, committed 14720K, reserved 425984K
}
Event: 25.384 GC heap after
{Heap after GC invocations=80 (full 0):
 garbage-first heap   total 350208K, used 196755K [0x0000000080000000, 0x0000000100000000)
  region size 1024K, 3 young (3072K), 3 survivors (3072K)
 Metaspace       used 100937K, committed 102144K, reserved 557056K
  class space    used 14164K, committed 14720K, reserved 425984K
}
Event: 25.431 GC heap before
{Heap before GC invocations=80 (full 0):
 garbage-first heap   total 350208K, used 215187K [0x0000000080000000, 0x0000000100000000)
  region size 1024K, 17 young (17408K), 3 survivors (3072K)
 Metaspace       used 100938K, committed 102144K, reserved 557056K
  class space    used 14164K, committed 14720K, reserved 425984K
}
Event: 25.435 GC heap after
{Heap after GC invocations=81 (full 0):
 garbage-first heap   total 350208K, used 195807K [0x0000000080000000, 0x0000000100000000)
  region size 1024K, 3 young (3072K), 3 survivors (3072K)
 Metaspace       used 100938K, committed 102144K, reserved 557056K
  class space    used 14164K, committed 14720K, reserved 425984K
}
Event: 25.863 GC heap before
{Heap before GC invocations=81 (full 0):
 garbage-first heap   total 350208K, used 302303K [0x0000000080000000, 0x0000000100000000)
  region size 1024K, 96 young (98304K), 3 survivors (3072K)
 Metaspace       used 101137K, committed 102400K, reserved 557056K
  class space    used 14192K, committed 14784K, reserved 425984K
}
Event: 25.870 GC heap after
{Heap after GC invocations=82 (full 0):
 garbage-first heap   total 459776K, used 202228K [0x0000000080000000, 0x0000000100000000)
  region size 1024K, 9 young (9216K), 9 survivors (9216K)
 Metaspace       used 101137K, committed 102400K, reserved 557056K
  class space    used 14192K, committed 14784K, reserved 425984K
}
Event: 26.716 GC heap before
{Heap before GC invocations=82 (full 0):
 garbage-first heap   total 459776K, used 381428K [0x0000000080000000, 0x0000000100000000)
  region size 1024K, 177 young (181248K), 9 survivors (9216K)
 Metaspace       used 101481K, committed 102784K, reserved 557056K
  class space    used 14240K, committed 14848K, reserved 425984K
}
Event: 26.728 GC heap after
{Heap after GC invocations=83 (full 0):
 garbage-first heap   total 459776K, used 212700K [0x0000000080000000, 0x0000000100000000)
  region size 1024K, 19 young (19456K), 19 survivors (19456K)
 Metaspace       used 101481K, committed 102784K, reserved 557056K
  class space    used 14240K, committed 14848K, reserved 425984K
}
Event: 30.671 GC heap before
{Heap before GC invocations=83 (full 0):
 garbage-first heap   total 459776K, used 387804K [0x0000000080000000, 0x0000000100000000)
  region size 1024K, 178 young (182272K), 19 survivors (19456K)
 Metaspace       used 104111K, committed 105408K, reserved 557056K
  class space    used 14520K, committed 15104K, reserved 425984K
}
Event: 30.685 GC heap after
{Heap after GC invocations=84 (full 0):
 garbage-first heap   total 459776K, used 222489K [0x0000000080000000, 0x0000000100000000)
  region size 1024K, 20 young (20480K), 20 survivors (20480K)
 Metaspace       used 104111K, committed 105408K, reserved 557056K
  class space    used 14520K, committed 15104K, reserved 425984K
}

